<?xml version="1.0" encoding="utf-8"?><testsuites><testsuite name="pytest" errors="1" failures="0" skipped="0" tests="1" time="0.360" timestamp="2025-10-02T22:53:19.253388+01:00" hostname="RedaElFerr"><testcase classname="" name="tests.test_calc" time="0.000"><error message="collection failure">ImportError while importing test module 'C:\Users\ROG\Pictures\ensias\3A\mouman\greenpip\tests\test_calc.py'.
Hint: make sure your test modules/packages have valid Python names.
Traceback:
C:\Users\ROG\anaconda3\Lib\importlib\__init__.py:88: in import_module
    return _bootstrap._gcd_import(name[level:], package, level)
tests\test_calc.py:1: in &lt;module&gt;
    from src.calc import add2
E   ModuleNotFoundError: No module named 'src'</error></testcase></testsuite></testsuites>